  GA1_3.cpp
D:\2 kypc\Программирование\source\repos\Programming-241\GA1\GA1_3\GA1_3\GA1_3.cpp(11,18): warning C4566: символ, представленный универсальным именем символа "\u0412", невозможно представить в текущей кодовой странице (1252)
D:\2 kypc\Программирование\source\repos\Programming-241\GA1\GA1_3\GA1_3\GA1_3.cpp(11,18): warning C4566: символ, представленный универсальным именем символа "\u0432", невозможно представить в текущей кодовой странице (1252)
D:\2 kypc\Программирование\source\repos\Programming-241\GA1\GA1_3\GA1_3\GA1_3.cpp(11,18): warning C4566: символ, представленный универсальным именем символа "\u0435", невозможно представить в текущей кодовой странице (1252)
D:\2 kypc\Программирование\source\repos\Programming-241\GA1\GA1_3\GA1_3\GA1_3.cpp(11,18): warning C4566: символ, представленный универсальным именем символа "\u0434", невозможно представить в текущей кодовой странице (1252)
D:\2 kypc\Программирование\source\repos\Programming-241\GA1\GA1_3\GA1_3\GA1_3.cpp(11,18): warning C4566: символ, представленный универсальным именем символа "\u0438", невозможно представить в текущей кодовой странице (1252)
D:\2 kypc\Программирование\source\repos\Programming-241\GA1\GA1_3\GA1_3\GA1_3.cpp(11,18): warning C4566: символ, представленный универсальным именем символа "\u0442", невозможно представить в текущей кодовой странице (1252)
D:\2 kypc\Программирование\source\repos\Programming-241\GA1\GA1_3\GA1_3\GA1_3.cpp(11,18): warning C4566: символ, представленный универсальным именем символа "\u043A", невозможно представить в текущей кодовой странице (1252)
D:\2 kypc\Программирование\source\repos\Programming-241\GA1\GA1_3\GA1_3\GA1_3.cpp(11,18): warning C4566: символ, представленный универсальным именем символа "\u043E", невозможно представить в текущей кодовой странице (1252)
D:\2 kypc\Программирование\source\repos\Programming-241\GA1\GA1_3\GA1_3\GA1_3.cpp(11,18): warning C4566: символ, представленный универсальным именем символа "\u043B", невозможно представить в текущей кодовой странице (1252)
D:\2 kypc\Программирование\source\repos\Programming-241\GA1\GA1_3\GA1_3\GA1_3.cpp(11,18): warning C4566: символ, представленный универсальным именем символа "\u0447", невозможно представить в текущей кодовой странице (1252)
D:\2 kypc\Программирование\source\repos\Programming-241\GA1\GA1_3\GA1_3\GA1_3.cpp(11,18): warning C4566: символ, представленный универсальным именем символа "\u0441", невозможно представить в текущей кодовой странице (1252)
D:\2 kypc\Программирование\source\repos\Programming-241\GA1\GA1_3\GA1_3\GA1_3.cpp(11,18): warning C4566: символ, представленный универсальным именем символа "\u044D", невозможно представить в текущей кодовой странице (1252)
D:\2 kypc\Программирование\source\repos\Programming-241\GA1\GA1_3\GA1_3\GA1_3.cpp(11,18): warning C4566: символ, представленный универсальным именем символа "\u043C", невозможно представить в текущей кодовой странице (1252)
D:\2 kypc\Программирование\source\repos\Programming-241\GA1\GA1_3\GA1_3\GA1_3.cpp(11,18): warning C4566: символ, представленный универсальным именем символа "\u043D", невозможно представить в текущей кодовой странице (1252)
D:\2 kypc\Программирование\source\repos\Programming-241\GA1\GA1_3\GA1_3\GA1_3.cpp(11,18): warning C4566: символ, представленный универсальным именем символа "\u0440", невозможно представить в текущей кодовой странице (1252)
D:\2 kypc\Программирование\source\repos\Programming-241\GA1\GA1_3\GA1_3\GA1_3.cpp(11,18): warning C4566: символ, представленный универсальным именем символа "\u044B", невозможно представить в текущей кодовой странице (1252)
D:\2 kypc\Программирование\source\repos\Programming-241\GA1\GA1_3\GA1_3\GA1_3.cpp(11,18): warning C4566: символ, представленный универсальным именем символа "\u0436", невозможно представить в текущей кодовой странице (1252)
D:\2 kypc\Программирование\source\repos\Programming-241\GA1\GA1_3\GA1_3\GA1_3.cpp(11,18): warning C4566: символ, представленный универсальным именем символа "\u0430", невозможно представить в текущей кодовой странице (1252)
D:\2 kypc\Программирование\source\repos\Programming-241\GA1\GA1_3\GA1_3\GA1_3.cpp(11,18): warning C4566: символ, представленный универсальным именем символа "\u044C", невозможно представить в текущей кодовой странице (1252)
D:\2 kypc\Программирование\source\repos\Programming-241\GA1\GA1_3\GA1_3\GA1_3.cpp(11,18): warning C4566: символ, представленный универсальным именем символа "\u0448", невозможно представить в текущей кодовой странице (1252)
D:\2 kypc\Программирование\source\repos\Programming-241\GA1\GA1_3\GA1_3\GA1_3.cpp(11,18): warning C4566: символ, представленный универсальным именем символа "\u0444", невозможно представить в текущей кодовой странице (1252)
D:\2 kypc\Программирование\source\repos\Programming-241\GA1\GA1_3\GA1_3\GA1_3.cpp(14,22): warning C4566: символ, представленный универсальным именем символа "\u0412", невозможно представить в текущей кодовой странице (1252)
D:\2 kypc\Программирование\source\repos\Programming-241\GA1\GA1_3\GA1_3\GA1_3.cpp(14,22): warning C4566: символ, представленный универсальным именем символа "\u0432", невозможно представить в текущей кодовой странице (1252)
D:\2 kypc\Программирование\source\repos\Programming-241\GA1\GA1_3\GA1_3\GA1_3.cpp(14,22): warning C4566: символ, представленный универсальным именем символа "\u0435", невозможно представить в текущей кодовой странице (1252)
D:\2 kypc\Программирование\source\repos\Programming-241\GA1\GA1_3\GA1_3\GA1_3.cpp(14,22): warning C4566: символ, представленный универсальным именем символа "\u0434", невозможно представить в текущей кодовой странице (1252)
D:\2 kypc\Программирование\source\repos\Programming-241\GA1\GA1_3\GA1_3\GA1_3.cpp(14,22): warning C4566: символ, представленный универсальным именем символа "\u0438", невозможно представить в текущей кодовой странице (1252)
D:\2 kypc\Программирование\source\repos\Programming-241\GA1\GA1_3\GA1_3\GA1_3.cpp(14,22): warning C4566: символ, представленный универсальным именем символа "\u0442", невозможно представить в текущей кодовой странице (1252)
D:\2 kypc\Программирование\source\repos\Programming-241\GA1\GA1_3\GA1_3\GA1_3.cpp(14,22): warning C4566: символ, представленный универсальным именем символа "\u044D", невозможно представить в текущей кодовой странице (1252)
D:\2 kypc\Программирование\source\repos\Programming-241\GA1\GA1_3\GA1_3\GA1_3.cpp(14,22): warning C4566: символ, представленный универсальным именем символа "\u043B", невозможно представить в текущей кодовой странице (1252)
D:\2 kypc\Программирование\source\repos\Programming-241\GA1\GA1_3\GA1_3\GA1_3.cpp(14,22): warning C4566: символ, представленный универсальным именем символа "\u043C", невозможно представить в текущей кодовой странице (1252)
D:\2 kypc\Программирование\source\repos\Programming-241\GA1\GA1_3\GA1_3\GA1_3.cpp(14,22): warning C4566: символ, представленный универсальным именем символа "\u043D", невозможно представить в текущей кодовой странице (1252)
D:\2 kypc\Программирование\source\repos\Programming-241\GA1\GA1_3\GA1_3\GA1_3.cpp(14,22): warning C4566: символ, представленный универсальным именем символа "\u0436", невозможно представить в текущей кодовой странице (1252)
D:\2 kypc\Программирование\source\repos\Programming-241\GA1\GA1_3\GA1_3\GA1_3.cpp(14,22): warning C4566: символ, представленный универсальным именем символа "\u0443", невозможно представить в текущей кодовой странице (1252)
  GA1_3.vcxproj -> D:\2 kypc\Программирование\source\repos\Programming-241\GA1\GA1_3\x64\Debug\GA1_3.exe
